<?xml version="1.0" encoding="UTF-8"?>
<!-- Generated by org.testng.reporters.JUnitXMLReporter -->
<testsuite hostname="ESLLAP-2316" ignored="0" name="Default test" tests="11" failures="0" timestamp="2022-07-26T22:05:22 IST" time="142.121" errors="0">
  <testcase name="ListTableData" time="12.153" classname="Academy.ChallengingDomPage"/>
  <testcase name="NoofRowsandColumn" time="0.098" classname="Academy.ChallengingDomPage"/>
  <testcase name="TestCanvas" time="35.299" classname="Academy.ChallengingDomPage"/>
  <testcase name="ValidateBlueButton" time="73.207" classname="Academy.ChallengingDomPage"/>
  <testcase name="ValidateDeleteButton" time="2.268" classname="Academy.ChallengingDomPage"/>
  <testcase name="ValidateEditButton" time="2.148" classname="Academy.ChallengingDomPage"/>
  <testcase name="ValidateParagraphText" time="0.139" classname="Academy.ChallengingDomPage"/>
  <testcase name="VerifyButton" time="0.202" classname="Academy.ChallengingDomPage"/>
  <testcase name="VerifyElementalSelenium" time="5.517" classname="Academy.ChallengingDomPage"/>
  <testcase name="VerifyForkMeOnGithub" time="4.053" classname="Academy.ChallengingDomPage"/>
  <testcase name="validateAppTitle" time="0.112" classname="Academy.ChallengingDomPage"/>
</testsuite> <!-- Default test -->
