<?xml version="1.0" encoding="UTF-8"?>
<testng-results skipped="0" failed="0" total="10" passed="10">
  <reporter-output>
  </reporter-output>
  <suite name="Suite" duration-ms="149915" started-at="2022-07-25T09:35:01Z" finished-at="2022-07-25T09:37:31Z">
    <groups>
    </groups>
    <test name="Validating User login" duration-ms="149915" started-at="2022-07-25T09:35:01Z" finished-at="2022-07-25T09:37:31Z">
      <class name="Academy.ChallengingDomPage">
        <test-method status="PASS" signature="initialize()[pri:0, instance:Academy.ChallengingDomPage@78e117e3]" name="initialize" is-config="true" duration-ms="5151" started-at="2022-07-25T15:05:01Z" finished-at="2022-07-25T15:05:06Z">
          <reporter-output>
          </reporter-output>
        </test-method> <!-- initialize -->
        <test-method status="PASS" signature="ListTableData()[pri:0, instance:Academy.ChallengingDomPage@78e117e3]" name="ListTableData" duration-ms="11086" started-at="2022-07-25T15:05:06Z" finished-at="2022-07-25T15:05:17Z">
          <reporter-output>
          </reporter-output>
        </test-method> <!-- ListTableData -->
        <test-method status="PASS" signature="NoofRowsandColumn()[pri:0, instance:Academy.ChallengingDomPage@78e117e3]" name="NoofRowsandColumn" duration-ms="47" started-at="2022-07-25T15:05:17Z" finished-at="2022-07-25T15:05:17Z">
          <reporter-output>
          </reporter-output>
        </test-method> <!-- NoofRowsandColumn -->
        <test-method status="PASS" signature="TestCanvas()[pri:0, instance:Academy.ChallengingDomPage@78e117e3]" name="TestCanvas" duration-ms="35327" started-at="2022-07-25T15:05:17Z" finished-at="2022-07-25T15:05:53Z">
          <reporter-output>
          </reporter-output>
        </test-method> <!-- TestCanvas -->
        <test-method status="PASS" signature="ValidateBlueButton()[pri:0, instance:Academy.ChallengingDomPage@78e117e3]" name="ValidateBlueButton" duration-ms="86064" started-at="2022-07-25T15:05:53Z" finished-at="2022-07-25T15:07:19Z">
          <reporter-output>
          </reporter-output>
        </test-method> <!-- ValidateBlueButton -->
        <test-method status="PASS" signature="ValidateDeleteButton()[pri:0, instance:Academy.ChallengingDomPage@78e117e3]" name="ValidateDeleteButton" duration-ms="2244" started-at="2022-07-25T15:07:19Z" finished-at="2022-07-25T15:07:21Z">
          <reporter-output>
          </reporter-output>
        </test-method> <!-- ValidateDeleteButton -->
        <test-method status="PASS" signature="ValidateEditButton()[pri:0, instance:Academy.ChallengingDomPage@78e117e3]" name="ValidateEditButton" duration-ms="2225" started-at="2022-07-25T15:07:21Z" finished-at="2022-07-25T15:07:23Z">
          <reporter-output>
          </reporter-output>
        </test-method> <!-- ValidateEditButton -->
        <test-method status="PASS" signature="ValidateParagraphText()[pri:0, instance:Academy.ChallengingDomPage@78e117e3]" name="ValidateParagraphText" duration-ms="135" started-at="2022-07-25T15:07:23Z" finished-at="2022-07-25T15:07:23Z">
          <reporter-output>
          </reporter-output>
        </test-method> <!-- ValidateParagraphText -->
        <test-method status="PASS" signature="VerifyButton()[pri:0, instance:Academy.ChallengingDomPage@78e117e3]" name="VerifyButton" duration-ms="255" started-at="2022-07-25T15:07:23Z" finished-at="2022-07-25T15:07:24Z">
          <reporter-output>
          </reporter-output>
        </test-method> <!-- VerifyButton -->
        <test-method status="PASS" signature="VerifyElementalSelenium()[pri:0, instance:Academy.ChallengingDomPage@78e117e3]" name="VerifyElementalSelenium" duration-ms="7154" started-at="2022-07-25T15:07:24Z" finished-at="2022-07-25T15:07:31Z">
          <reporter-output>
          </reporter-output>
        </test-method> <!-- VerifyElementalSelenium -->
        <test-method status="PASS" signature="validateAppTitle()[pri:0, instance:Academy.ChallengingDomPage@78e117e3]" name="validateAppTitle" duration-ms="74" started-at="2022-07-25T15:07:31Z" finished-at="2022-07-25T15:07:31Z">
          <reporter-output>
          </reporter-output>
        </test-method> <!-- validateAppTitle -->
        <test-method status="PASS" signature="teardown()[pri:0, instance:Academy.ChallengingDomPage@78e117e3]" name="teardown" is-config="true" duration-ms="138" started-at="2022-07-25T15:07:31Z" finished-at="2022-07-25T15:07:31Z">
          <reporter-output>
          </reporter-output>
        </test-method> <!-- teardown -->
      </class> <!-- Academy.ChallengingDomPage -->
    </test> <!-- Validating User login -->
  </suite> <!-- Suite -->
</testng-results>
